# JRE version: Java(TM) SE Runtime Environment (8.0_91-b14) (build 1.8.0_91-b14)
# Java VM: Java HotSpot(TM) Client VM (25.91-b14 mixed mode windows-x86 )
Heap:
 def new generation   total 39424K, used 35536K [0x04a00000, 0x074c0000, 0x0f4a0000)
  eden space 35072K,  90% used [0x04a00000, 0x0692a028, 0x06c40000)
  from space 4352K,  83% used [0x06c40000, 0x06fca320, 0x07080000)
  to   space 4352K,   0% used [0x07080000, 0x07080000, 0x074c0000)
 tenured generation   total 87424K, used 20628K [0x0f4a0000, 0x14a00000, 0x24a00000)
   the space 87424K,  23% used [0x0f4a0000, 0x108c5198, 0x108c5200, 0x14a00000)
 Metaspace       used 17768K, capacity 18196K, committed 18304K, reserved 18816K
GC Heap History (10 events):
Event: 4.408 GC heap before
{Heap before GC invocations=0 (full 0):
 def new generation   total 39296K, used 34944K [0x04a00000, 0x074a0000, 0x0f4a0000)
  eden space 34944K, 100% used [0x04a00000, 0x06c20000, 0x06c20000)
  from space 4352K,   0% used [0x06c20000, 0x06c20000, 0x07060000)
  to   space 4352K,   0% used [0x07060000, 0x07060000, 0x074a0000)
 tenured generation   total 87424K, used 0K [0x0f4a0000, 0x14a00000, 0x24a00000)
   the space 87424K,   0% used [0x0f4a0000, 0x0f4a0000, 0x0f4a0200, 0x14a00000)
 Metaspace       used 8423K, capacity 8617K, committed 8704K, reserved 9600K
Event: 4.421 GC heap after
Heap after GC invocations=1 (full 0):
 def new generation   total 39296K, used 4352K [0x04a00000, 0x074a0000, 0x0f4a0000)
  eden space 34944K,   0% used [0x04a00000, 0x04a00000, 0x06c20000)
  from space 4352K, 100% used [0x07060000, 0x074a0000, 0x074a0000)
  to   space 4352K,   0% used [0x06c20000, 0x06c20000, 0x07060000)
 tenured generation   total 87424K, used 2454K [0x0f4a0000, 0x14a00000, 0x24a00000)
   the space 87424K,   2% used [0x0f4a0000, 0x0f705800, 0x0f705800, 0x14a00000)
 Metaspace       used 8423K, capacity 8617K, committed 8704K, reserved 9600K
}
Event: 5.345 GC heap before
{Heap before GC invocations=1 (full 0):
 def new generation   total 39296K, used 39296K [0x04a00000, 0x074a0000, 0x0f4a0000)
  eden space 34944K, 100% used [0x04a00000, 0x06c20000, 0x06c20000)
  from space 4352K, 100% used [0x07060000, 0x074a0000, 0x074a0000)
  to   space 4352K,   0% used [0x06c20000, 0x06c20000, 0x07060000)
 tenured generation   total 87424K, used 2454K [0x0f4a0000, 0x14a00000, 0x24a00000)
   the space 87424K,   2% used [0x0f4a0000, 0x0f705800, 0x0f705800, 0x14a00000)
 Metaspace       used 11528K, capacity 11849K, committed 11904K, reserved 12672K
Event: 5.365 GC heap after
Heap after GC invocations=2 (full 0):
 def new generation   total 39296K, used 4352K [0x04a00000, 0x074a0000, 0x0f4a0000)
  eden space 34944K,   0% used [0x04a00000, 0x04a00000, 0x06c20000)
  from space 4352K, 100% used [0x06c20000, 0x07060000, 0x07060000)
  to   space 4352K,   0% used [0x07060000, 0x07060000, 0x074a0000)
 tenured generation   total 87424K, used 7038K [0x0f4a0000, 0x14a00000, 0x24a00000)
   the space 87424K,   8% used [0x0f4a0000, 0x0fb7f9b0, 0x0fb7fa00, 0x14a00000)
 Metaspace       used 11528K, capacity 11849K, committed 11904K, reserved 12672K
}
Event: 5.643 GC heap before
{Heap before GC invocations=2 (full 0):
 def new generation   total 39296K, used 11623K [0x04a00000, 0x074a0000, 0x0f4a0000)
  eden space 34944K,  20% used [0x04a00000, 0x05119d68, 0x06c20000)
  from space 4352K, 100% used [0x06c20000, 0x07060000, 0x07060000)
  to   space 4352K,   0% used [0x07060000, 0x07060000, 0x074a0000)
 tenured generation   total 87424K, used 7038K [0x0f4a0000, 0x14a00000, 0x24a00000)
   the space 87424K,   8% used [0x0f4a0000, 0x0fb7f9b0, 0x0fb7fa00, 0x14a00000)
 Metaspace       used 11939K, capacity 12281K, committed 12288K, reserved 12672K
Event: 5.671 GC heap after
Heap after GC invocations=3 (full 1):
 def new generation   total 39424K, used 0K [0x04a00000, 0x074c0000, 0x0f4a0000)
  eden space 35072K,   0% used [0x04a00000, 0x04a00000, 0x06c40000)
  from space 4352K,   0% used [0x06c40000, 0x06c40000, 0x07080000)
  to   space 4352K,   0% used [0x07080000, 0x07080000, 0x074c0000)
 tenured generation   total 87424K, used 10131K [0x0f4a0000, 0x14a00000, 0x24a00000)
   the space 87424K,  11% used [0x0f4a0000, 0x0fe84c28, 0x0fe84e00, 0x14a00000)
 Metaspace       used 11939K, capacity 12281K, committed 12288K, reserved 12672K
}
Event: 7.207 GC heap before
{Heap before GC invocations=3 (full 1):
 def new generation   total 39424K, used 28675K [0x04a00000, 0x074c0000, 0x0f4a0000)
  eden space 35072K,  81% used [0x04a00000, 0x06600dc0, 0x06c40000)
  from space 4352K,   0% used [0x06c40000, 0x06c40000, 0x07080000)
  to   space 4352K,   0% used [0x07080000, 0x07080000, 0x074c0000)
 tenured generation   total 87424K, used 10131K [0x0f4a0000, 0x14a00000, 0x24a00000)
   the space 87424K,  11% used [0x0f4a0000, 0x0fe84c28, 0x0fe84e00, 0x14a00000)
 Metaspace       used 16612K, capacity 16999K, committed 17024K, reserved 17792K
Event: 7.220 GC heap after
Heap after GC invocations=4 (full 1):
 def new generation   total 39424K, used 4352K [0x04a00000, 0x074c0000, 0x0f4a0000)
  eden space 35072K,   0% used [0x04a00000, 0x04a00000, 0x06c40000)
  from space 4352K, 100% used [0x07080000, 0x074c0000, 0x074c0000)
  to   space 4352K,   0% used [0x06c40000, 0x06c40000, 0x07080000)
 tenured generation   total 87424K, used 10924K [0x0f4a0000, 0x14a00000, 0x24a00000)
   the space 87424K,  12% used [0x0f4a0000, 0x0ff4b1f0, 0x0ff4b200, 0x14a00000)
 Metaspace       used 16612K, capacity 16999K, committed 17024K, reserved 17792K
}
Event: 68.525 GC heap before
{Heap before GC invocations=4 (full 1):
 def new generation   total 39424K, used 39424K [0x04a00000, 0x074c0000, 0x0f4a0000)
  eden space 35072K, 100% used [0x04a00000, 0x06c40000, 0x06c40000)
  from space 4352K, 100% used [0x07080000, 0x074c0000, 0x074c0000)
  to   space 4352K,   0% used [0x06c40000, 0x06c40000, 0x07080000)
 tenured generation   total 87424K, used 10924K [0x0f4a0000, 0x14a00000, 0x24a00000)
   the space 87424K,  12% used [0x0f4a0000, 0x0ff4b1f0, 0x0ff4b200, 0x14a00000)
 Metaspace       used 17724K, capacity 18159K, committed 18176K, reserved 18816K
Event: 68.539 GC heap after
Heap after GC invocations=5 (full 1):
 def new generation   total 39424K, used 3624K [0x04a00000, 0x074c0000, 0x0f4a0000)
  eden space 35072K,   0% used [0x04a00000, 0x04a00000, 0x06c40000)
  from space 4352K,  83% used [0x06c40000, 0x06fca320, 0x07080000)
  to   space 4352K,   0% used [0x07080000, 0x07080000, 0x074c0000)
 tenured generation   total 87424K, used 20628K [0x0f4a0000, 0x14a00000, 0x24a00000)
   the space 87424K,  23% used [0x0f4a0000, 0x108c5198, 0x108c5200, 0x14a00000)
 Metaspace       used 17724K, capacity 18159K, committed 18176K, reserved 18816K
}

