# JRE version: Java(TM) SE Runtime Environment (8.0_91-b14) (build 1.8.0_91-b14)
# Java VM: Java HotSpot(TM) Client VM (25.91-b14 mixed mode windows-x86 )
Heap:
 def new generation   total 39424K, used 15860K [0x05200000, 0x07cc0000, 0x0fca0000)
  eden space 35072K,  42% used [0x05200000, 0x060b03c0, 0x07440000)
  from space 4352K,  18% used [0x07440000, 0x0750cfb8, 0x07880000)
  to   space 4352K,   0% used [0x07880000, 0x07880000, 0x07cc0000)
 tenured generation   total 87424K, used 22981K [0x0fca0000, 0x15200000, 0x25200000)
   the space 87424K,  26% used [0x0fca0000, 0x11311750, 0x11311800, 0x15200000)
 Metaspace       used 17745K, capacity 18199K, committed 18304K, reserved 18816K
GC Heap History (10 events):
Event: 644.638 GC heap before
{Heap before GC invocations=6 (full 1):
 def new generation   total 39424K, used 35686K [0x05200000, 0x07cc0000, 0x0fca0000)
  eden space 35072K, 100% used [0x05200000, 0x07440000, 0x07440000)
  from space 4352K,  14% used [0x07880000, 0x079199f8, 0x07cc0000)
  to   space 4352K,   0% used [0x07440000, 0x07440000, 0x07880000)
 tenured generation   total 87424K, used 22981K [0x0fca0000, 0x15200000, 0x25200000)
   the space 87424K,  26% used [0x0fca0000, 0x11311750, 0x11311800, 0x15200000)
 Metaspace       used 17725K, capacity 18162K, committed 18176K, reserved 18816K
Event: 644.650 GC heap after
Heap after GC invocations=7 (full 1):
 def new generation   total 39424K, used 582K [0x05200000, 0x07cc0000, 0x0fca0000)
  eden space 35072K,   0% used [0x05200000, 0x05200000, 0x07440000)
  from space 4352K,  13% used [0x07440000, 0x074d1830, 0x07880000)
  to   space 4352K,   0% used [0x07880000, 0x07880000, 0x07cc0000)
 tenured generation   total 87424K, used 22981K [0x0fca0000, 0x15200000, 0x25200000)
   the space 87424K,  26% used [0x0fca0000, 0x11311750, 0x11311800, 0x15200000)
 Metaspace       used 17725K, capacity 18162K, committed 18176K, reserved 18816K
}
Event: 905.916 GC heap before
{Heap before GC invocations=7 (full 1):
 def new generation   total 39424K, used 35654K [0x05200000, 0x07cc0000, 0x0fca0000)
  eden space 35072K, 100% used [0x05200000, 0x07440000, 0x07440000)
  from space 4352K,  13% used [0x07440000, 0x074d1830, 0x07880000)
  to   space 4352K,   0% used [0x07880000, 0x07880000, 0x07cc0000)
 tenured generation   total 87424K, used 22981K [0x0fca0000, 0x15200000, 0x25200000)
   the space 87424K,  26% used [0x0fca0000, 0x11311750, 0x11311800, 0x15200000)
 Metaspace       used 17725K, capacity 18162K, committed 18176K, reserved 18816K
Event: 905.919 GC heap after
Heap after GC invocations=8 (full 1):
 def new generation   total 39424K, used 571K [0x05200000, 0x07cc0000, 0x0fca0000)
  eden space 35072K,   0% used [0x05200000, 0x05200000, 0x07440000)
  from space 4352K,  13% used [0x07880000, 0x0790ef88, 0x07cc0000)
  to   space 4352K,   0% used [0x07440000, 0x07440000, 0x07880000)
 tenured generation   total 87424K, used 22981K [0x0fca0000, 0x15200000, 0x25200000)
   the space 87424K,  26% used [0x0fca0000, 0x11311750, 0x11311800, 0x15200000)
 Metaspace       used 17725K, capacity 18162K, committed 18176K, reserved 18816K
}
Event: 1228.573 GC heap before
{Heap before GC invocations=8 (full 1):
 def new generation   total 39424K, used 35643K [0x05200000, 0x07cc0000, 0x0fca0000)
  eden space 35072K, 100% used [0x05200000, 0x07440000, 0x07440000)
  from space 4352K,  13% used [0x07880000, 0x0790ef88, 0x07cc0000)
  to   space 4352K,   0% used [0x07440000, 0x07440000, 0x07880000)
 tenured generation   total 87424K, used 22981K [0x0fca0000, 0x15200000, 0x25200000)
   the space 87424K,  26% used [0x0fca0000, 0x11311750, 0x11311800, 0x15200000)
 Metaspace       used 17727K, capacity 18164K, committed 18176K, reserved 18816K
Event: 1228.575 GC heap after
Heap after GC invocations=9 (full 1):
 def new generation   total 39424K, used 597K [0x05200000, 0x07cc0000, 0x0fca0000)
  eden space 35072K,   0% used [0x05200000, 0x05200000, 0x07440000)
  from space 4352K,  13% used [0x07440000, 0x074d56d0, 0x07880000)
  to   space 4352K,   0% used [0x07880000, 0x07880000, 0x07cc0000)
 tenured generation   total 87424K, used 22981K [0x0fca0000, 0x15200000, 0x25200000)
   the space 87424K,  26% used [0x0fca0000, 0x11311750, 0x11311800, 0x15200000)
 Metaspace       used 17727K, capacity 18164K, committed 18176K, reserved 18816K
}
Event: 3621.002 GC heap before
{Heap before GC invocations=9 (full 1):
 def new generation   total 39424K, used 35669K [0x05200000, 0x07cc0000, 0x0fca0000)
  eden space 35072K, 100% used [0x05200000, 0x07440000, 0x07440000)
  from space 4352K,  13% used [0x07440000, 0x074d56d0, 0x07880000)
  to   space 4352K,   0% used [0x07880000, 0x07880000, 0x07cc0000)
 tenured generation   total 87424K, used 22981K [0x0fca0000, 0x15200000, 0x25200000)
   the space 87424K,  26% used [0x0fca0000, 0x11311750, 0x11311800, 0x15200000)
 Metaspace       used 17739K, capacity 18196K, committed 18304K, reserved 18816K
Event: 3621.018 GC heap after
Heap after GC invocations=10 (full 1):
 def new generation   total 39424K, used 573K [0x05200000, 0x07cc0000, 0x0fca0000)
  eden space 35072K,   0% used [0x05200000, 0x05200000, 0x07440000)
  from space 4352K,  13% used [0x07880000, 0x0790f568, 0x07cc0000)
  to   space 4352K,   0% used [0x07440000, 0x07440000, 0x07880000)
 tenured generation   total 87424K, used 22981K [0x0fca0000, 0x15200000, 0x25200000)
   the space 87424K,  26% used [0x0fca0000, 0x11311750, 0x11311800, 0x15200000)
 Metaspace       used 17739K, capacity 18196K, committed 18304K, reserved 18816K
}
Event: 4207.364 GC heap before
{Heap before GC invocations=10 (full 1):
 def new generation   total 39424K, used 35645K [0x05200000, 0x07cc0000, 0x0fca0000)
  eden space 35072K, 100% used [0x05200000, 0x07440000, 0x07440000)
  from space 4352K,  13% used [0x07880000, 0x0790f568, 0x07cc0000)
  to   space 4352K,   0% used [0x07440000, 0x07440000, 0x07880000)
 tenured generation   total 87424K, used 22981K [0x0fca0000, 0x15200000, 0x25200000)
   the space 87424K,  26% used [0x0fca0000, 0x11311750, 0x11311800, 0x15200000)
 Metaspace       used 17742K, capacity 18199K, committed 18304K, reserved 18816K
Event: 4207.371 GC heap after
Heap after GC invocations=11 (full 1):
 def new generation   total 39424K, used 819K [0x05200000, 0x07cc0000, 0x0fca0000)
  eden space 35072K,   0% used [0x05200000, 0x05200000, 0x07440000)
  from space 4352K,  18% used [0x07440000, 0x0750cfb8, 0x07880000)
  to   space 4352K,   0% used [0x07880000, 0x07880000, 0x07cc0000)
 tenured generation   total 87424K, used 22981K [0x0fca0000, 0x15200000, 0x25200000)
   the space 87424K,  26% used [0x0fca0000, 0x11311750, 0x11311800, 0x15200000)
 Metaspace       used 17742K, capacity 18199K, committed 18304K, reserved 18816K
}

